<?xml version="1.0" encoding="UTF-8"?>
<!-- Generated by org.testng.reporters.JUnitReportReporter -->
<testsuite hostname="DESKTOP-K4CQR33" failures="0" tests="1" name="obsqura_7Rmart_testscripts.ListProductSearchTest" time="38.434" errors="0" timestamp="2024-07-29T09:27:38 IST" skipped="0">
  <testcase classname="obsqura_7Rmart_testscripts.ListProductSearchTest" name="verifyUserAbleToSearchProductUsingProductName" time="38.434"/>
  <system-out/>
</testsuite> <!-- obsqura_7Rmart_testscripts.ListProductSearchTest -->
