<?xml version="1.0" encoding="UTF-8"?>
<!-- Generated by org.testng.reporters.JUnitReportReporter -->
<testsuite hostname="DESKTOP-K4CQR33" failures="0" tests="4" name="executionScripts.LoginTest" time="10.240" errors="0" timestamp="2024-07-17T08:20:41 IST" skipped="0">
  <testcase classname="executionScripts.LoginTest" name="verifyLoginforCorrectUsernameAndIncorrectPassword" time="2.216"/>
  <testcase classname="executionScripts.LoginTest" name="verifyLoginForCorrectUsernameAndCorrectPassword" time="3.831"/>
  <testcase classname="executionScripts.LoginTest" name="verifyLoginForIncorrectUsernameAndCorrectPassword" time="2.266"/>
  <testcase classname="executionScripts.LoginTest" name="verifyLoginForIncorrectUsernameAndIncorrectPassword" time="1.927"/>
</testsuite> <!-- executionScripts.LoginTest -->
