<?xml version="1.0" encoding="UTF-8"?>
<!-- Generated by org.testng.reporters.JUnitReportReporter -->
<testsuite hostname="DESKTOP-K4CQR33" failures="0" tests="1" name="obsqura_7Rmart_testscripts.LoginTest" time="5.253" errors="0" timestamp="2024-08-02T21:07:17 IST" skipped="0">
  <testcase classname="obsqura_7Rmart_testscripts.LoginTest" name="verifyLoginforCorrectUsernameAndCorrectPassword" time="5.253"/>
  <system-out/>
</testsuite> <!-- obsqura_7Rmart_testscripts.LoginTest -->
