<?xml version="1.0" encoding="UTF-8"?>
<!-- Generated by org.testng.reporters.JUnitReportReporter -->
<testsuite hostname="DESKTOP-K4CQR33" failures="0" tests="1" name="obsqura_7Rmart_testscripts.AdminUsersTest" time="5.783" errors="0" timestamp="2024-08-03T14:33:17 IST" skipped="0">
  <testcase classname="obsqura_7Rmart_testscripts.AdminUsersTest" name="verifyUserIsAbleToUpdateStatusOfAdminUser" time="5.783"/>
  <system-out/>
</testsuite> <!-- obsqura_7Rmart_testscripts.AdminUsersTest -->
